2025-09-16T21:25:26.961689,nan
2025-09-16T21:25:31.998498,nan
2025-09-16T21:25:37.028090,nan
2025-09-16T21:25:42.056827,nan
2025-09-16T21:25:47.093480,nan
2025-09-16T21:25:52.124365,nan
2025-09-16T21:25:57.156537,nan
2025-09-16T21:26:02.177921,nan
2025-09-16T21:26:07.194038,nan
2025-09-16T21:26:12.211293,nan
2025-09-16T21:26:17.242737,nan
2025-09-16T21:26:22.270840,nan
2025-09-16T21:26:27.305196,nan
2025-09-16T21:26:32.338221,nan
2025-09-16T21:26:37.376264,nan
2025-09-16T21:26:42.411709,nan
2025-09-16T21:26:47.440828,nan
2025-09-16T21:26:52.478112,nan
2025-09-16T21:26:57.503731,nan
2025-09-16T21:27:02.522483,nan
2025-09-16T21:27:07.538262,nan
2025-09-16T21:27:12.554385,nan
2025-09-16T21:27:17.574835,nan
2025-09-16T21:27:22.592386,nan
2025-09-16T21:27:27.608805,nan
2025-09-16T21:27:32.628088,nan
2025-09-16T21:27:37.662673,nan
2025-09-16T21:27:42.700366,nan
2025-09-16T21:27:52.784243,nan
2025-09-16T21:27:57.819855,nan
2025-09-16T21:28:02.857308,nan
2025-09-16T21:28:07.890664,nan
2025-09-16T21:28:12.929074,nan
2025-09-16T21:28:17.964195,nan
2025-09-16T21:28:23.000080,nan
2025-09-16T21:28:28.026042,nan
2025-09-16T21:28:33.060910,nan
2025-09-16T21:28:38.083101,nan
2025-09-16T21:28:43.123066,nan
2025-09-16T21:28:48.158211,nan
2025-09-16T21:28:53.190989,nan
2025-09-16T21:28:58.229168,nan
2025-09-16T21:29:03.257268,nan
2025-09-16T21:29:08.291757,nan
2025-09-16T21:29:13.322627,nan
2025-09-16T21:29:18.352079,nan
2025-09-16T21:29:23.387914,nan
2025-09-16T21:29:28.419020,nan
2025-09-16T21:29:33.441521,nan
2025-09-16T21:29:38.472299,nan
2025-09-16T21:29:43.491016,nan
2025-09-16T21:29:48.527107,nan
2025-09-16T21:29:53.547726,nan
2025-09-16T21:29:58.572028,nan
2025-09-16T21:30:03.596485,nan
2025-09-16T21:30:08.621050,nan
2025-09-16T21:30:13.651499,nan
2025-09-16T21:30:18.679067,nan
2025-09-16T21:30:23.714897,nan
2025-09-16T21:30:28.744908,nan
2025-09-16T21:30:33.775114,nan
2025-09-16T21:30:38.813201,nan
2025-09-16T21:30:43.851299,nan
2025-09-16T21:30:48.881550,nan
2025-09-16T21:30:53.917341,nan
2025-09-16T21:30:58.953637,nan
